0 info it worked if it ends with ok
1 verbose cli [ '/usr/bin/node', '/usr/bin/npm', 'publish' ]
2 info using npm@1.4.28
3 info using node@v0.10.32
4 verbose node symlink /usr/bin/node
5 verbose publish [ '.' ]
6 verbose cache add [ '.', null ]
7 verbose cache add name=undefined spec="." args=[".",null]
8 verbose parsed url { protocol: null,
8 verbose parsed url   slashes: null,
8 verbose parsed url   auth: null,
8 verbose parsed url   host: null,
8 verbose parsed url   port: null,
8 verbose parsed url   hostname: null,
8 verbose parsed url   hash: null,
8 verbose parsed url   search: null,
8 verbose parsed url   query: null,
8 verbose parsed url   pathname: '.',
8 verbose parsed url   path: '.',
8 verbose parsed url   href: '.' }
9 silly lockFile 3a52ce78- .
10 verbose lock . /home/vagrant/.npm/3a52ce78-.lock
11 verbose tar pack [ '/home/vagrant/.npm/crudbrella/0.0.1/package.tgz', '.' ]
12 verbose tarball /home/vagrant/.npm/crudbrella/0.0.1/package.tgz
13 verbose folder .
14 info prepublish crudbrella@0.0.1
15 silly lockFile 1f1177db-tar tar://.
16 verbose lock tar://. /home/vagrant/.npm/1f1177db-tar.lock
17 silly lockFile 1469c05e-npm-crudbrella-0-0-1-package-tgz tar:///home/vagrant/.npm/crudbrella/0.0.1/package.tgz
18 verbose lock tar:///home/vagrant/.npm/crudbrella/0.0.1/package.tgz /home/vagrant/.npm/1469c05e-npm-crudbrella-0-0-1-package-tgz.lock
19 silly lockFile 1f1177db-tar tar://.
20 silly lockFile 1f1177db-tar tar://.
21 silly lockFile 1469c05e-npm-crudbrella-0-0-1-package-tgz tar:///home/vagrant/.npm/crudbrella/0.0.1/package.tgz
22 silly lockFile 1469c05e-npm-crudbrella-0-0-1-package-tgz tar:///home/vagrant/.npm/crudbrella/0.0.1/package.tgz
23 silly lockFile 968e08a5-ant-npm-crudbrella-0-0-1-package /home/vagrant/.npm/crudbrella/0.0.1/package
24 verbose lock /home/vagrant/.npm/crudbrella/0.0.1/package /home/vagrant/.npm/968e08a5-ant-npm-crudbrella-0-0-1-package.lock
25 silly lockFile 968e08a5-ant-npm-crudbrella-0-0-1-package /home/vagrant/.npm/crudbrella/0.0.1/package
26 silly lockFile 968e08a5-ant-npm-crudbrella-0-0-1-package /home/vagrant/.npm/crudbrella/0.0.1/package
27 silly lockFile 3a52ce78- .
28 silly lockFile 3a52ce78- .
29 error addLocal Could not install .
30 error Error: EACCES, open '/home/vagrant/.npm/crudbrella/0.0.1/package/package.json'
30 error  { [Error: EACCES, open '/home/vagrant/.npm/crudbrella/0.0.1/package/package.json']
30 error   errno: 3,
30 error   code: 'EACCES',
30 error   path: '/home/vagrant/.npm/crudbrella/0.0.1/package/package.json' }
31 error Please try running this command again as root/Administrator.
32 error System Linux 3.2.0-23-generic
33 error command "/usr/bin/node" "/usr/bin/npm" "publish"
34 error cwd /home/vagrant/projects/crudbrella
35 error node -v v0.10.32
36 error npm -v 1.4.28
37 error path /home/vagrant/.npm/crudbrella/0.0.1/package/package.json
38 error code EACCES
39 error errno 3
40 error stack Error: EACCES, open '/home/vagrant/.npm/crudbrella/0.0.1/package/package.json'
41 verbose exit [ 3, true ]
